[2022-12-14 11:56:39,198] multiqc                                            [DEBUG  ]  No MultiQC config found: /nas/longleaf/apps/multiqc/1.7/lib/python2.7/site-packages/multiqc-1.7-py2.7.egg/multiqc_config.yaml
[2022-12-14 11:56:39,198] multiqc                                            [DEBUG  ]  No MultiQC config found: /nas/longleaf/home/mjn15/.multiqc_config.yaml
[2022-12-14 11:56:39,198] multiqc                                            [DEBUG  ]  No MultiQC config found: multiqc_config.yaml
[2022-12-14 11:56:39,199] multiqc                                            [DEBUG  ]  Command used: /nas/longleaf/apps/multiqc/1.7/bin/multiqc . -f -x nohup.out -x *.err
[2022-12-14 11:56:39,848] multiqc                                            [WARNING]  MultiQC Version v1.13 now available!
[2022-12-14 11:56:39,848] multiqc                                            [INFO   ]  This is MultiQC v1.7
[2022-12-14 11:56:39,848] multiqc                                            [DEBUG  ]  Command     : /nas/longleaf/apps/multiqc/1.7/bin/multiqc . -f -x nohup.out -x *.err
[2022-12-14 11:56:39,848] multiqc                                            [DEBUG  ]  Working dir : /pine/scr/m/j/mjn15/wt-FAIRE-dm6/faire-pipeline
[2022-12-14 11:56:39,848] multiqc                                            [INFO   ]  Template    : default
[2022-12-14 11:56:39,849] multiqc                                            [DEBUG  ]  Ignoring files, directories and paths that match: nohup.out, *.err
[2022-12-14 11:56:39,849] multiqc                                            [INFO   ]  Searching '.'
[2022-12-14 11:56:39,849] multiqc                                            [DEBUG  ]  Analysing modules: custom_content, conpair, peddy, methylQA, phantompeakqualtools, qualimap, preseq, quast, qorts, rna_seqc, rsem, rseqc, busco, goleft_indexcov, disambiguate, supernova, deeptools, sargasso, verifybamid, mirtrace, happy, homer, macs2, theta2, snpeff, gatk, htseq, bcftools, featureCounts, dedup, damageprofiler, picard, prokka, samblaster, samtools, bamtools, jellyfish, vcftools, longranger, stacks, bbmap, bismark, biscuit, hicexplorer, hicup, hicpro, salmon, kallisto, slamdunk, star, hisat2, tophat, bowtie2, bowtie1, kat, leehom, adapterRemoval, clipandmerge, cutadapt, flexbar, trimmomatic, skewer, sortmerna, biobloomtools, fastq_screen, afterqc, fastp, fastqc, minionqc, clusterflow, bcl2fastq, interop, flash
[2022-12-14 11:56:39,850] multiqc                                            [DEBUG  ]  Using temporary directory for creating report: /tmp/tmpAGSZZr
[2022-12-14 11:56:40,832] multiqc                                            [DEBUG  ]  Ignoring file as matched an ignore pattern: nohup.out
[2022-12-14 11:56:40,912] multiqc                                            [DEBUG  ]  Ignoring file as matched an ignore pattern: wt_24h_dm6_trim_q5_sorted_dupsRemoved_POOLED.bam
[2022-12-14 11:56:40,913] multiqc                                            [DEBUG  ]  Ignoring file as matched an ignore pattern: wt_6h-Rep3_dm6_trim.bam
[2022-12-14 11:56:40,913] multiqc                                            [DEBUG  ]  Ignoring file as matched an ignore pattern: wt_6h-Rep1_dm6_trim_q5_sorted_dupsRemoved.bam
[2022-12-14 11:56:40,913] multiqc                                            [DEBUG  ]  Ignoring file as matched an ignore pattern: wt_24h-Rep2_dm6_trim.bam
[2022-12-14 11:56:40,913] multiqc                                            [DEBUG  ]  Ignoring file as matched an ignore pattern: wt_44h-Rep1_dm6_trim_q5.bam
[2022-12-14 11:56:40,914] multiqc                                            [DEBUG  ]  Ignoring file as matched an ignore pattern: wt_3LW-Rep3_dm6_trim_q5.bam
[2022-12-14 11:56:40,914] multiqc                                            [DEBUG  ]  Ignoring file as matched an ignore pattern: wt_44h-Rep2_dm6_trim_q5_sorted_dupsRemoved.bam
[2022-12-14 11:56:40,914] multiqc                                            [DEBUG  ]  Ignoring file as matched an ignore pattern: wt_6h-Rep3_dm6_trim_q5.bam
[2022-12-14 11:56:40,914] multiqc                                            [DEBUG  ]  Ignoring file as matched an ignore pattern: wt_24h-Rep2_dm6_trim_q5_sorted_dupsRemoved.bam.bai
[2022-12-14 11:56:40,914] multiqc                                            [DEBUG  ]  Ignoring file as matched an ignore pattern: wt_6h-Rep2_dm6_trim_q5_sorted_dupsRemoved.bam
[2022-12-14 11:56:40,915] multiqc                                            [DEBUG  ]  Ignoring file as matched an ignore pattern: wt_24h-Rep2_dm6_trim_q5_sorted_dupsRemoved.bam
[2022-12-14 11:56:40,915] multiqc                                            [DEBUG  ]  Ignoring file as matched an ignore pattern: wt_44h-Rep1_dm6_trim_q5_sorted_dupsRemoved.bam.bai
[2022-12-14 11:56:40,915] multiqc                                            [DEBUG  ]  Ignoring file as matched an ignore pattern: wt_24h-Rep2_dm6_trim_q5.bam
[2022-12-14 11:56:40,915] multiqc                                            [DEBUG  ]  Ignoring file as matched an ignore pattern: wt_24h-Rep1_dm6_trim_q5_sorted_dupsRemoved.bam.bai
[2022-12-14 11:56:40,916] multiqc                                            [DEBUG  ]  Ignoring file as matched an ignore pattern: wt_24h-Rep3_dm6_trim_q5_sorted_dupsMarked.bam
[2022-12-14 11:56:40,916] multiqc                                            [DEBUG  ]  Ignoring file as matched an ignore pattern: wt_3LW-Rep3_dm6_trim_q5_sorted.bam
[2022-12-14 11:56:40,916] multiqc                                            [DEBUG  ]  Ignoring file as matched an ignore pattern: wt_3LW-Rep1_dm6_trim_q5_sorted_dupsRemoved.bam.bai
[2022-12-14 11:56:40,916] multiqc                                            [DEBUG  ]  Ignoring file as matched an ignore pattern: wt_6h-Rep2_dm6_trim.bam
[2022-12-14 11:56:40,916] multiqc                                            [DEBUG  ]  Ignoring file as matched an ignore pattern: wt_3LW-Rep3_dm6_trim_q5_sorted_dupsRemoved.bam
[2022-12-14 11:56:40,917] multiqc                                            [DEBUG  ]  Ignoring file as matched an ignore pattern: wt_24h-Rep3_dm6_trim_q5_sorted_dupsRemoved.bam.bai
[2022-12-14 11:56:40,917] multiqc                                            [DEBUG  ]  Ignoring file as matched an ignore pattern: wt_44h-Rep1_dm6_trim.bam
[2022-12-14 11:56:40,917] multiqc                                            [DEBUG  ]  Ignoring file as matched an ignore pattern: wt_6h_dm6_trim_q5_sorted_dupsRemoved_POOLED.bam
[2022-12-14 11:56:40,917] multiqc                                            [DEBUG  ]  Ignoring file as matched an ignore pattern: wt_3LW-Rep1_dm6_trim_q5.bam
[2022-12-14 11:56:40,917] multiqc                                            [DEBUG  ]  Ignoring file as matched an ignore pattern: wt_6h-Rep1_dm6_trim_q5_sorted.bam
[2022-12-14 11:56:40,918] multiqc                                            [DEBUG  ]  Ignoring file as matched an ignore pattern: wt_6h-Rep3_dm6_trim_q5_sorted_dupsRemoved.bam.bai
[2022-12-14 11:56:40,918] multiqc                                            [DEBUG  ]  Ignoring file as matched an ignore pattern: wt_44h_dm6_trim_q5_sorted_dupsRemoved_POOLED.bam.bai
[2022-12-14 11:56:40,918] multiqc                                            [DEBUG  ]  Ignoring file as matched an ignore pattern: wt_3LW-Rep2_dm6_trim_q5_sorted_dupsRemoved.bam
[2022-12-14 11:56:40,918] multiqc                                            [DEBUG  ]  Ignoring file as matched an ignore pattern: wt_44h-Rep2_dm6_trim_q5_sorted_dupsMarked.bam
[2022-12-14 11:56:40,918] multiqc                                            [DEBUG  ]  Ignoring file as matched an ignore pattern: wt_3LW-Rep2_dm6_trim_q5_sorted.bam
[2022-12-14 11:56:40,919] multiqc                                            [DEBUG  ]  Ignoring file as matched an ignore pattern: wt_6h-Rep2_dm6_trim_q5.bam
[2022-12-14 11:56:40,919] multiqc                                            [DEBUG  ]  Ignoring file as matched an ignore pattern: wt_6h-Rep2_dm6_trim_q5_sorted.bam
[2022-12-14 11:56:40,919] multiqc                                            [DEBUG  ]  Ignoring file as matched an ignore pattern: wt_24h-Rep1_dm6_trim_q5.bam
[2022-12-14 11:56:40,919] multiqc                                            [DEBUG  ]  Ignoring file as matched an ignore pattern: wt_44h-Rep3_dm6_trim.bam
[2022-12-14 11:56:40,920] multiqc                                            [DEBUG  ]  Ignoring file as matched an ignore pattern: wt_24h-Rep1_dm6_trim_q5_sorted.bam
[2022-12-14 11:56:40,920] multiqc                                            [DEBUG  ]  Ignoring file as matched an ignore pattern: wt_24h-Rep2_dm6_trim_q5_sorted_dupsMarked.bam
[2022-12-14 11:56:40,922] multiqc                                            [DEBUG  ]  Ignoring file as matched an ignore pattern: wt_3LW_dm6_trim_q5_sorted_dupsRemoved_POOLED.bam
[2022-12-14 11:56:40,922] multiqc                                            [DEBUG  ]  Ignoring file as matched an ignore pattern: wt_3LW-Rep1_dm6_trim_q5_sorted_dupsRemoved.bam
[2022-12-14 11:56:40,922] multiqc                                            [DEBUG  ]  Ignoring file as matched an ignore pattern: wt_3LW-Rep2_dm6_trim.bam
[2022-12-14 11:56:40,922] multiqc                                            [DEBUG  ]  Ignoring file as matched an ignore pattern: wt_44h-Rep2_dm6_trim_q5_sorted_dupsRemoved.bam.bai
[2022-12-14 11:56:40,923] multiqc                                            [DEBUG  ]  Ignoring file as matched an ignore pattern: wt_44h-Rep3_dm6_trim_q5_sorted_dupsRemoved.bam.bai
[2022-12-14 11:56:40,923] multiqc                                            [DEBUG  ]  Ignoring file as matched an ignore pattern: wt_3LW-Rep2_dm6_trim_q5.bam
[2022-12-14 11:56:40,923] multiqc                                            [DEBUG  ]  Ignoring file as matched an ignore pattern: wt_6h-Rep1_dm6_trim_q5_sorted_dupsMarked.bam
[2022-12-14 11:56:40,923] multiqc                                            [DEBUG  ]  Ignoring file as matched an ignore pattern: wt_24h-Rep3_dm6_trim_q5.bam
[2022-12-14 11:56:40,923] multiqc                                            [DEBUG  ]  Ignoring file as matched an ignore pattern: wt_6h-Rep3_dm6_trim_q5_sorted.bam
[2022-12-14 11:56:40,924] multiqc                                            [DEBUG  ]  Ignoring file as matched an ignore pattern: wt_44h-Rep3_dm6_trim_q5_sorted_dupsRemoved.bam
[2022-12-14 11:56:40,924] multiqc                                            [DEBUG  ]  Ignoring file as matched an ignore pattern: wt_24h-Rep1_dm6_trim.bam
[2022-12-14 11:56:40,924] multiqc                                            [DEBUG  ]  Ignoring file as matched an ignore pattern: wt_24h-Rep3_dm6_trim_q5_sorted.bam
[2022-12-14 11:56:40,924] multiqc                                            [DEBUG  ]  Ignoring file as matched an ignore pattern: wt_6h-Rep2_dm6_trim_q5_sorted_dupsMarked.bam
[2022-12-14 11:56:40,924] multiqc                                            [DEBUG  ]  Ignoring file as matched an ignore pattern: wt_44h-Rep3_dm6_trim_q5.bam
[2022-12-14 11:56:40,925] multiqc                                            [DEBUG  ]  Ignoring file as matched an ignore pattern: wt_24h-Rep3_dm6_trim.bam
[2022-12-14 11:56:40,925] multiqc                                            [DEBUG  ]  Ignoring file as matched an ignore pattern: wt_24h-Rep2_dm6_trim_q5_sorted.bam
[2022-12-14 11:56:40,925] multiqc                                            [DEBUG  ]  Ignoring file as matched an ignore pattern: wt_44h-Rep3_dm6_trim_q5_sorted_dupsMarked.bam
[2022-12-14 11:56:40,925] multiqc                                            [DEBUG  ]  Ignoring file as matched an ignore pattern: wt_44h-Rep1_dm6_trim_q5_sorted_dupsRemoved.bam
[2022-12-14 11:56:40,925] multiqc                                            [DEBUG  ]  Ignoring file as matched an ignore pattern: wt_44h-Rep2_dm6_trim_q5_sorted.bam
[2022-12-14 11:56:40,926] multiqc                                            [DEBUG  ]  Ignoring file as matched an ignore pattern: wt_44h-Rep2_dm6_trim.bam
[2022-12-14 11:56:40,926] multiqc                                            [DEBUG  ]  Ignoring file as matched an ignore pattern: wt_6h-Rep3_dm6_trim_q5_sorted_dupsRemoved.bam
[2022-12-14 11:56:40,926] multiqc                                            [DEBUG  ]  Ignoring file as matched an ignore pattern: wt_44h-Rep1_dm6_trim_q5_sorted.bam
[2022-12-14 11:56:40,926] multiqc                                            [DEBUG  ]  Ignoring file as matched an ignore pattern: wt_44h-Rep2_dm6_trim_q5.bam
[2022-12-14 11:56:40,927] multiqc                                            [DEBUG  ]  Ignoring file as matched an ignore pattern: wt_6h-Rep1_dm6_trim_q5.bam
[2022-12-14 11:56:40,927] multiqc                                            [DEBUG  ]  Ignoring file as matched an ignore pattern: wt_6h-Rep2_dm6_trim_q5_sorted_dupsRemoved.bam.bai
[2022-12-14 11:56:40,927] multiqc                                            [DEBUG  ]  Ignoring file as matched an ignore pattern: wt_6h_dm6_trim_q5_sorted_dupsRemoved_POOLED.bam.bai
[2022-12-14 11:56:40,927] multiqc                                            [DEBUG  ]  Ignoring file as matched an ignore pattern: wt_6h-Rep3_dm6_trim_q5_sorted_dupsMarked.bam
[2022-12-14 11:56:40,927] multiqc                                            [DEBUG  ]  Ignoring file as matched an ignore pattern: wt_44h-Rep1_dm6_trim_q5_sorted_dupsMarked.bam
[2022-12-14 11:56:40,928] multiqc                                            [DEBUG  ]  Ignoring file as matched an ignore pattern: wt_3LW-Rep2_dm6_trim_q5_sorted_dupsMarked.bam
[2022-12-14 11:56:40,928] multiqc                                            [DEBUG  ]  Ignoring file as matched an ignore pattern: wt_3LW-Rep3_dm6_trim.bam
[2022-12-14 11:56:40,928] multiqc                                            [DEBUG  ]  Ignoring file as matched an ignore pattern: wt_3LW-Rep1_dm6_trim_q5_sorted_dupsMarked.bam
[2022-12-14 11:56:40,928] multiqc                                            [DEBUG  ]  Ignoring file as matched an ignore pattern: wt_44h_dm6_trim_q5_sorted_dupsRemoved_POOLED.bam
[2022-12-14 11:56:40,929] multiqc                                            [DEBUG  ]  Ignoring file as matched an ignore pattern: wt_3LW-Rep2_dm6_trim_q5_sorted_dupsRemoved.bam.bai
[2022-12-14 11:56:40,929] multiqc                                            [DEBUG  ]  Ignoring file as matched an ignore pattern: wt_6h-Rep1_dm6_trim.bam
[2022-12-14 11:56:40,929] multiqc                                            [DEBUG  ]  Ignoring file as matched an ignore pattern: wt_3LW-Rep1_dm6_trim.bam
[2022-12-14 11:56:40,929] multiqc                                            [DEBUG  ]  Ignoring file as matched an ignore pattern: wt_3LW-Rep3_dm6_trim_q5_sorted_dupsMarked.bam
[2022-12-14 11:56:40,929] multiqc                                            [DEBUG  ]  Ignoring file as matched an ignore pattern: wt_44h-Rep3_dm6_trim_q5_sorted.bam
[2022-12-14 11:56:40,930] multiqc                                            [DEBUG  ]  Ignoring file as matched an ignore pattern: wt_3LW-Rep1_dm6_trim_q5_sorted.bam
[2022-12-14 11:56:40,930] multiqc                                            [DEBUG  ]  Ignoring file as matched an ignore pattern: wt_24h-Rep1_dm6_trim_q5_sorted_dupsMarked.bam
[2022-12-14 11:56:40,930] multiqc                                            [DEBUG  ]  Ignoring file as matched an ignore pattern: wt_6h-Rep1_dm6_trim_q5_sorted_dupsRemoved.bam.bai
[2022-12-14 11:56:40,930] multiqc                                            [DEBUG  ]  Ignoring file as matched an ignore pattern: wt_24h-Rep3_dm6_trim_q5_sorted_dupsRemoved.bam
[2022-12-14 11:56:40,930] multiqc                                            [DEBUG  ]  Ignoring file as matched an ignore pattern: wt_3LW-Rep3_dm6_trim_q5_sorted_dupsRemoved.bam.bai
[2022-12-14 11:56:40,931] multiqc                                            [DEBUG  ]  Ignoring file as matched an ignore pattern: wt_24h-Rep1_dm6_trim_q5_sorted_dupsRemoved.bam
[2022-12-14 11:56:45,404] multiqc                                            [DEBUG  ]  Ignoring file as matched an ignore pattern: wt_6h-Rep1_dm6_trim_se.sam
[2022-12-14 11:56:45,404] multiqc                                            [DEBUG  ]  Ignoring file as matched an ignore pattern: wt_3LW-Rep2_dm6_trim_se.sam
[2022-12-14 11:56:45,404] multiqc                                            [DEBUG  ]  Ignoring file as matched an ignore pattern: wt_44h-Rep3_dm6_trim_se.sam
[2022-12-14 11:56:45,405] multiqc                                            [DEBUG  ]  Ignoring file as matched an ignore pattern: wt_24h-Rep1_dm6_trim_se.sam
[2022-12-14 11:56:45,405] multiqc                                            [DEBUG  ]  Ignoring file as matched an ignore pattern: wt_6h-Rep3_dm6_trim_se.sam
[2022-12-14 11:56:45,405] multiqc                                            [DEBUG  ]  Ignoring file as matched an ignore pattern: wt_44h-Rep2_dm6_trim_se.sam
[2022-12-14 11:56:45,405] multiqc                                            [DEBUG  ]  Ignoring file as matched an ignore pattern: wt_3LW-Rep3_dm6_trim_se.sam
[2022-12-14 11:56:45,405] multiqc                                            [DEBUG  ]  Ignoring file as matched an ignore pattern: wt_44h-Rep1_dm6_trim_se.sam
[2022-12-14 11:56:45,406] multiqc                                            [DEBUG  ]  Ignoring file as matched an ignore pattern: wt_3LW-Rep1_dm6_trim_se.sam
[2022-12-14 11:56:45,406] multiqc                                            [DEBUG  ]  Ignoring file as matched an ignore pattern: wt_24h-Rep2_dm6_trim_se.sam
[2022-12-14 11:56:45,406] multiqc                                            [DEBUG  ]  Ignoring file as matched an ignore pattern: wt_6h-Rep2_dm6_trim_se.sam
[2022-12-14 11:56:45,406] multiqc                                            [DEBUG  ]  Ignoring file as matched an ignore pattern: wt_24h-Rep3_dm6_trim_se.sam
[2022-12-14 11:56:55,610] multiqc                                            [DEBUG  ]  Ignoring file as matched an ignore pattern: wt_24h-Rep1_dm6_trim_q5_sorted_dupsRemoved.bed
[2022-12-14 11:56:55,610] multiqc                                            [DEBUG  ]  Ignoring file as matched an ignore pattern: wt_6h_dm6_trim_q5_sorted_dupsRemoved_POOLED.bed
[2022-12-14 11:56:55,610] multiqc                                            [DEBUG  ]  Ignoring file as matched an ignore pattern: wt_3LW-Rep3_dm6_trim_q5_sorted_dupsRemoved.bed
[2022-12-14 11:56:55,613] multiqc                                            [DEBUG  ]  Ignoring file as matched an ignore pattern: wt_24h-Rep2_dm6_trim_q5_sorted_dupsRemoved.bed
[2022-12-14 11:56:55,613] multiqc                                            [DEBUG  ]  Ignoring file as matched an ignore pattern: wt_44h-Rep2_dm6_trim_q5_sorted_dupsRemoved.bed
[2022-12-14 11:56:55,613] multiqc                                            [DEBUG  ]  Ignoring file as matched an ignore pattern: wt_44h-Rep3_dm6_trim_q5_sorted_dupsRemoved.bed
[2022-12-14 11:56:55,614] multiqc                                            [DEBUG  ]  Ignoring file as matched an ignore pattern: wt_6h-Rep3_dm6_trim_q5_sorted_dupsRemoved.bed
[2022-12-14 11:56:55,614] multiqc                                            [DEBUG  ]  Ignoring file as matched an ignore pattern: wt_44h_dm6_trim_q5_sorted_dupsRemoved_POOLED.bed
[2022-12-14 11:56:55,614] multiqc                                            [DEBUG  ]  Ignoring file as matched an ignore pattern: wt_3LW-Rep2_dm6_trim_q5_sorted_dupsRemoved.bed
[2022-12-14 11:56:55,614] multiqc                                            [DEBUG  ]  Ignoring file as matched an ignore pattern: wt_24h-Rep3_dm6_trim_q5_sorted_dupsRemoved.bed
[2022-12-14 11:56:55,614] multiqc                                            [DEBUG  ]  Ignoring file as matched an ignore pattern: wt_44h-Rep1_dm6_trim_q5_sorted_dupsRemoved.bed
[2022-12-14 11:56:55,615] multiqc                                            [DEBUG  ]  Ignoring file as matched an ignore pattern: wt_6h-Rep2_dm6_trim_q5_sorted_dupsRemoved.bed
[2022-12-14 11:56:55,615] multiqc                                            [DEBUG  ]  Ignoring file as matched an ignore pattern: wt_3LW-Rep1_dm6_trim_q5_sorted_dupsRemoved.bed
[2022-12-14 11:56:55,615] multiqc                                            [DEBUG  ]  Ignoring file as matched an ignore pattern: wt_6h-Rep1_dm6_trim_q5_sorted_dupsRemoved.bed
[2022-12-14 11:56:55,615] multiqc                                            [DEBUG  ]  Ignoring file as matched an ignore pattern: wt_44h-Rep2_R1_trim.fastq.gz
[2022-12-14 11:56:55,616] multiqc                                            [DEBUG  ]  Ignoring file as matched an ignore pattern: wt_24h-Rep3_R1.fastq.gz
[2022-12-14 11:56:55,616] multiqc                                            [DEBUG  ]  Ignoring file as matched an ignore pattern: wt_6h-Rep1_R1_trim.fastq.gz
[2022-12-14 11:56:55,616] multiqc                                            [DEBUG  ]  Ignoring file as matched an ignore pattern: wt_44h-Rep3_R1_trim.fastq.gz
[2022-12-14 11:56:55,616] multiqc                                            [DEBUG  ]  Ignoring file as matched an ignore pattern: wt_6h-Rep2_R1_trim.fastq.gz
[2022-12-14 11:56:55,616] multiqc                                            [DEBUG  ]  Ignoring file as matched an ignore pattern: wt_24h-Rep2_R1.fastq.gz
[2022-12-14 11:56:55,617] multiqc                                            [DEBUG  ]  Ignoring file as matched an ignore pattern: wt_3LW-Rep3_R1.fastq.gz
[2022-12-14 11:56:55,617] multiqc                                            [DEBUG  ]  Ignoring file as matched an ignore pattern: wt_3LW-Rep1_R1.fastq.gz
[2022-12-14 11:56:55,617] multiqc                                            [DEBUG  ]  Ignoring file as matched an ignore pattern: wt_3LW-Rep3_R1_trim.fastq.gz
[2022-12-14 11:56:55,617] multiqc                                            [DEBUG  ]  Ignoring file as matched an ignore pattern: wt_44h-Rep1_R1_trim.fastq.gz
[2022-12-14 11:56:55,617] multiqc                                            [DEBUG  ]  Ignoring file as matched an ignore pattern: wt_24h-Rep3_R1_trim.fastq.gz
[2022-12-14 11:56:55,618] multiqc                                            [DEBUG  ]  Ignoring file as matched an ignore pattern: wt_3LW-Rep1_R1_trim.fastq.gz
[2022-12-14 11:56:55,618] multiqc                                            [DEBUG  ]  Ignoring file as matched an ignore pattern: wt_6h-Rep1_R1.fastq.gz
[2022-12-14 11:56:55,618] multiqc                                            [DEBUG  ]  Ignoring file as matched an ignore pattern: wt_3LW-Rep2_R1_trim.fastq.gz
[2022-12-14 11:56:55,618] multiqc                                            [DEBUG  ]  Ignoring file as matched an ignore pattern: wt_24h-Rep1_R1_trim.fastq.gz
[2022-12-14 11:56:55,618] multiqc                                            [DEBUG  ]  Ignoring file as matched an ignore pattern: wt_6h-Rep3_R1.fastq.gz
[2022-12-14 11:56:55,619] multiqc                                            [DEBUG  ]  Ignoring file as matched an ignore pattern: wt_44h-Rep1_R1.fastq.gz
[2022-12-14 11:56:55,619] multiqc                                            [DEBUG  ]  Ignoring file as matched an ignore pattern: wt_24h-Rep2_R1_trim.fastq.gz
[2022-12-14 11:56:55,619] multiqc                                            [DEBUG  ]  Ignoring file as matched an ignore pattern: wt_6h-Rep3_R1_trim.fastq.gz
[2022-12-14 11:56:55,619] multiqc                                            [DEBUG  ]  Ignoring file as matched an ignore pattern: wt_3LW-Rep2_R1.fastq.gz
[2022-12-14 11:56:55,620] multiqc                                            [DEBUG  ]  Ignoring file as matched an ignore pattern: wt_44h-Rep2_R1.fastq.gz
[2022-12-14 11:56:55,620] multiqc                                            [DEBUG  ]  Ignoring file as matched an ignore pattern: wt_44h-Rep3_R1.fastq.gz
[2022-12-14 11:56:55,620] multiqc                                            [DEBUG  ]  Ignoring file as matched an ignore pattern: wt_6h-Rep2_R1.fastq.gz
[2022-12-14 11:56:55,620] multiqc                                            [DEBUG  ]  Ignoring file as matched an ignore pattern: wt_24h-Rep1_R1.fastq.gz
[2022-12-14 11:57:00,583] multiqc                                            [DEBUG  ]  Ignoring file as matched an ignore pattern: wt_6h-Rep2_dm6_trim_q5_sorted_dupsRemoved_summits.bed
[2022-12-14 11:57:00,583] multiqc                                            [DEBUG  ]  Ignoring file as matched an ignore pattern: wt_3LW-Rep2_dm6_trim_q5_sorted_dupsRemoved_summits.bed
[2022-12-14 11:57:21,724] multiqc                                            [DEBUG  ]  Ignoring file as matched an ignore pattern: wt_44h-Rep1_dm6_trim_q5_sorted_dupsRemoved_summits.bed
[2022-12-14 11:57:21,724] multiqc                                            [DEBUG  ]  Ignoring file as matched an ignore pattern: wt_44h-Rep2_dm6_trim_q5_sorted_dupsRemoved_summits.bed
[2022-12-14 11:57:21,731] multiqc                                            [DEBUG  ]  Ignoring file as matched an ignore pattern: wt_6h-Rep1_dm6_trim_q5_sorted_dupsRemoved_summits.bed
[2022-12-14 11:57:26,896] multiqc                                            [DEBUG  ]  Ignoring file as matched an ignore pattern: wt_6h-Rep3_dm6_trim_q5_sorted_dupsRemoved_summits.bed
[2022-12-14 11:57:33,318] multiqc                                            [DEBUG  ]  Ignoring file as matched an ignore pattern: wt_3LW-Rep1_dm6_trim_q5_sorted_dupsRemoved_summits.bed
[2022-12-14 11:57:33,318] multiqc                                            [DEBUG  ]  Ignoring file as matched an ignore pattern: wt_44h-Rep3_dm6_trim_q5_sorted_dupsRemoved_summits.bed
[2022-12-14 11:57:33,350] multiqc                                            [DEBUG  ]  Ignoring file as matched an ignore pattern: wt_24h-Rep1_dm6_trim_q5_sorted_dupsRemoved_summits.bed
[2022-12-14 11:57:37,420] multiqc                                            [DEBUG  ]  Ignoring file as matched an ignore pattern: wt_24h-Rep3_dm6_trim_q5_sorted_dupsRemoved_summits.bed
[2022-12-14 11:57:37,420] multiqc                                            [DEBUG  ]  Ignoring file as matched an ignore pattern: wt_44h_dm6_trim_q5_sorted_dupsRemoved_POOLED_summits.bed
[2022-12-14 11:57:57,558] multiqc                                            [DEBUG  ]  No samples found: custom_content
[2022-12-14 11:57:57,577] multiqc                                            [DEBUG  ]  No samples found: conpair
[2022-12-14 11:57:57,600] multiqc                                            [DEBUG  ]  No samples found: peddy
[2022-12-14 11:57:57,623] multiqc                                            [DEBUG  ]  No samples found: methylQA
[2022-12-14 11:57:57,648] multiqc                                            [DEBUG  ]  No samples found: phantompeakqualtools
[2022-12-14 11:57:57,681] multiqc                                            [DEBUG  ]  No samples found: qualimap
[2022-12-14 11:57:57,705] multiqc                                            [DEBUG  ]  No samples found: preseq
[2022-12-14 11:57:57,727] multiqc                                            [DEBUG  ]  No samples found: quast
[2022-12-14 11:57:57,751] multiqc                                            [DEBUG  ]  No samples found: qorts
[2022-12-14 11:57:57,771] multiqc                                            [DEBUG  ]  No samples found: rna_seqc
[2022-12-14 11:57:57,791] multiqc                                            [DEBUG  ]  No samples found: rsem
[2022-12-14 11:57:57,836] multiqc                                            [DEBUG  ]  No samples found: rseqc
[2022-12-14 11:57:57,859] multiqc                                            [DEBUG  ]  No samples found: busco
[2022-12-14 11:57:57,882] multiqc                                            [DEBUG  ]  No samples found: goleft_indexcov
[2022-12-14 11:57:57,903] multiqc                                            [DEBUG  ]  No samples found: disambiguate
[2022-12-14 11:57:57,927] multiqc                                            [DEBUG  ]  No samples found: supernova
[2022-12-14 11:57:57,977] multiqc                                            [DEBUG  ]  No samples found: deeptools
[2022-12-14 11:57:57,996] multiqc                                            [DEBUG  ]  No samples found: sargasso
[2022-12-14 11:57:58,016] multiqc                                            [DEBUG  ]  No samples found: verifybamid
[2022-12-14 11:57:58,045] multiqc                                            [DEBUG  ]  No samples found: mirtrace
[2022-12-14 11:57:58,071] multiqc                                            [DEBUG  ]  No samples found: happy
[2022-12-14 11:57:58,104] multiqc                                            [DEBUG  ]  No samples found: homer
[2022-12-14 11:57:58,207] multiqc.modules.macs2.macs2                        [INFO   ]  Found 11 logs
[2022-12-14 11:57:58,235] multiqc                                            [DEBUG  ]  No samples found: theta2
[2022-12-14 11:57:58,257] multiqc                                            [DEBUG  ]  No samples found: snpeff
[2022-12-14 11:57:58,285] multiqc                                            [DEBUG  ]  No samples found: gatk
[2022-12-14 11:57:58,308] multiqc                                            [DEBUG  ]  No samples found: htseq
[2022-12-14 11:57:58,338] multiqc                                            [DEBUG  ]  No samples found: bcftools
[2022-12-14 11:57:58,362] multiqc                                            [DEBUG  ]  No samples found: featureCounts
[2022-12-14 11:57:58,389] multiqc                                            [DEBUG  ]  No samples found: dedup
[2022-12-14 11:57:58,416] multiqc                                            [DEBUG  ]  No samples found: damageprofiler
[2022-12-14 11:57:58,534] multiqc.modules.picard.picard                      [INFO   ]  Found 12 MarkDuplicates reports
[2022-12-14 11:57:58,568] multiqc                                            [DEBUG  ]  No samples found: prokka
[2022-12-14 11:57:58,594] multiqc                                            [DEBUG  ]  No samples found: samblaster
[2022-12-14 11:57:58,698] multiqc.modules.samtools.samtools                  [INFO   ]  Found 36 flagstat reports
[2022-12-14 11:57:58,722] multiqc                                            [DEBUG  ]  No samples found: bamtools
[2022-12-14 11:57:58,740] multiqc                                            [DEBUG  ]  No samples found: jellyfish
[2022-12-14 11:57:58,777] multiqc                                            [DEBUG  ]  No samples found: vcftools
[2022-12-14 11:57:58,814] multiqc                                            [DEBUG  ]  No samples found: longranger
[2022-12-14 11:57:58,843] multiqc                                            [DEBUG  ]  No samples found: stacks
[2022-12-14 11:57:58,924] multiqc.modules.bbmap.bbmap                        [DEBUG  ]  Parsing ./Logs/wt_24h-Rep3_adapterStats
[2022-12-14 11:57:58,925] multiqc.modules.bbmap.bbmap                        [DEBUG  ]  Found stats output for sample wt_24h-Rep3_adapterStats with 49 rows
[2022-12-14 11:57:58,926] multiqc.modules.bbmap.bbmap                        [DEBUG  ]  Parsing ./Logs/wt_24h-Rep1_adapterStats
[2022-12-14 11:57:58,927] multiqc.modules.bbmap.bbmap                        [DEBUG  ]  Found stats output for sample wt_24h-Rep1_adapterStats with 51 rows
[2022-12-14 11:57:58,927] multiqc.modules.bbmap.bbmap                        [DEBUG  ]  Parsing ./Logs/wt_3LW-Rep1_adapterStats
[2022-12-14 11:57:58,928] multiqc.modules.bbmap.bbmap                        [DEBUG  ]  Found stats output for sample wt_3LW-Rep1_adapterStats with 34 rows
[2022-12-14 11:57:58,929] multiqc.modules.bbmap.bbmap                        [DEBUG  ]  Parsing ./Logs/wt_44h-Rep2_adapterStats
[2022-12-14 11:57:58,930] multiqc.modules.bbmap.bbmap                        [DEBUG  ]  Found stats output for sample wt_44h-Rep2_adapterStats with 36 rows
[2022-12-14 11:57:58,930] multiqc.modules.bbmap.bbmap                        [DEBUG  ]  Parsing ./Logs/wt_3LW-Rep3_adapterStats
[2022-12-14 11:57:58,932] multiqc.modules.bbmap.bbmap                        [DEBUG  ]  Found stats output for sample wt_3LW-Rep3_adapterStats with 44 rows
[2022-12-14 11:57:58,932] multiqc.modules.bbmap.bbmap                        [DEBUG  ]  Parsing ./Logs/wt_44h-Rep3_adapterStats
[2022-12-14 11:57:58,933] multiqc.modules.bbmap.bbmap                        [DEBUG  ]  Found stats output for sample wt_44h-Rep3_adapterStats with 39 rows
[2022-12-14 11:57:58,934] multiqc.modules.bbmap.bbmap                        [DEBUG  ]  Parsing ./Logs/wt_6h-Rep1_adapterStats
[2022-12-14 11:57:58,935] multiqc.modules.bbmap.bbmap                        [DEBUG  ]  Found stats output for sample wt_6h-Rep1_adapterStats with 44 rows
[2022-12-14 11:57:58,935] multiqc.modules.bbmap.bbmap                        [DEBUG  ]  Parsing ./Logs/wt_3LW-Rep2_adapterStats
[2022-12-14 11:57:58,936] multiqc.modules.bbmap.bbmap                        [DEBUG  ]  Found stats output for sample wt_3LW-Rep2_adapterStats with 37 rows
[2022-12-14 11:57:58,937] multiqc.modules.bbmap.bbmap                        [DEBUG  ]  Parsing ./Logs/wt_6h-Rep2_adapterStats
[2022-12-14 11:57:58,938] multiqc.modules.bbmap.bbmap                        [DEBUG  ]  Found stats output for sample wt_6h-Rep2_adapterStats with 41 rows
[2022-12-14 11:57:58,939] multiqc.modules.bbmap.bbmap                        [DEBUG  ]  Parsing ./Logs/wt_6h-Rep3_adapterStats
[2022-12-14 11:57:58,940] multiqc.modules.bbmap.bbmap                        [DEBUG  ]  Found stats output for sample wt_6h-Rep3_adapterStats with 34 rows
[2022-12-14 11:57:58,940] multiqc.modules.bbmap.bbmap                        [DEBUG  ]  Parsing ./Logs/wt_44h-Rep1_adapterStats
[2022-12-14 11:57:58,941] multiqc.modules.bbmap.bbmap                        [DEBUG  ]  Found stats output for sample wt_44h-Rep1_adapterStats with 31 rows
[2022-12-14 11:57:58,941] multiqc.modules.bbmap.bbmap                        [DEBUG  ]  Parsing ./Logs/wt_24h-Rep2_adapterStats
[2022-12-14 11:57:58,943] multiqc.modules.bbmap.bbmap                        [DEBUG  ]  Found stats output for sample wt_24h-Rep2_adapterStats with 55 rows
[2022-12-14 11:57:58,943] multiqc.modules.bbmap.bbmap                        [INFO   ]  Found 12 reports
[2022-12-14 11:57:58,943] multiqc.modules.bbmap.bbmap                        [DEBUG  ]  section stats has 12 entries
[2022-12-14 11:57:59,014] multiqc                                            [DEBUG  ]  No samples found: bismark
[2022-12-14 11:57:59,043] multiqc                                            [DEBUG  ]  No samples found: biscuit
[2022-12-14 11:57:59,071] multiqc                                            [DEBUG  ]  No samples found: hicexplorer
[2022-12-14 11:57:59,096] multiqc                                            [DEBUG  ]  No samples found: hicup
[2022-12-14 11:57:59,124] multiqc                                            [DEBUG  ]  No samples found: hicpro
[2022-12-14 11:57:59,157] multiqc                                            [DEBUG  ]  No samples found: salmon
[2022-12-14 11:57:59,187] multiqc                                            [DEBUG  ]  No samples found: kallisto
[2022-12-14 11:57:59,218] multiqc                                            [DEBUG  ]  No samples found: slamdunk
[2022-12-14 11:57:59,248] multiqc                                            [DEBUG  ]  No samples found: star
[2022-12-14 11:57:59,283] multiqc                                            [DEBUG  ]  No samples found: hisat2
[2022-12-14 11:57:59,318] multiqc                                            [DEBUG  ]  No samples found: tophat
[2022-12-14 11:57:59,355] multiqc.modules.bowtie2.bowtie2                    [INFO   ]  Found 12 reports
[2022-12-14 11:57:59,392] multiqc                                            [DEBUG  ]  No samples found: bowtie1
[2022-12-14 11:57:59,418] multiqc                                            [DEBUG  ]  No samples found: kat
[2022-12-14 11:57:59,437] multiqc                                            [DEBUG  ]  No samples found: leehom
[2022-12-14 11:57:59,460] multiqc                                            [DEBUG  ]  No samples found: adapterRemoval
[2022-12-14 11:57:59,487] multiqc                                            [DEBUG  ]  No samples found: clipandmerge
[2022-12-14 11:57:59,509] multiqc                                            [DEBUG  ]  No samples found: cutadapt
[2022-12-14 11:57:59,532] multiqc                                            [DEBUG  ]  No samples found: flexbar
[2022-12-14 11:57:59,557] multiqc                                            [DEBUG  ]  No samples found: trimmomatic
[2022-12-14 11:57:59,581] multiqc                                            [DEBUG  ]  No samples found: skewer
[2022-12-14 11:57:59,634] multiqc                                            [DEBUG  ]  No samples found: sortmerna
[2022-12-14 11:57:59,661] multiqc                                            [DEBUG  ]  No samples found: biobloomtools
[2022-12-14 11:57:59,689] multiqc                                            [DEBUG  ]  No samples found: fastq_screen
[2022-12-14 11:57:59,715] multiqc                                            [DEBUG  ]  No samples found: afterqc
[2022-12-14 11:57:59,738] multiqc                                            [DEBUG  ]  No samples found: fastp
[2022-12-14 11:57:59,775] multiqc                                            [DEBUG  ]  No samples found: fastqc
[2022-12-14 11:57:59,801] multiqc                                            [DEBUG  ]  No samples found: minionqc
[2022-12-14 11:57:59,830] multiqc                                            [DEBUG  ]  No samples found: clusterflow
[2022-12-14 11:57:59,856] multiqc                                            [DEBUG  ]  No samples found: bcl2fastq
[2022-12-14 11:57:59,883] multiqc                                            [DEBUG  ]  No samples found: interop
[2022-12-14 11:57:59,906] multiqc                                            [DEBUG  ]  No samples found: flash
[2022-12-14 11:57:59,970] multiqc                                            [INFO   ]  Compressing plot data
[2022-12-14 11:58:00,209] multiqc                                            [INFO   ]  Report      : multiqc_report.html
[2022-12-14 11:58:00,210] multiqc                                            [INFO   ]  Data        : multiqc_data
[2022-12-14 11:58:00,212] multiqc                                            [DEBUG  ]  Moving data file from '/tmp/tmpAGSZZr/multiqc_data/multiqc_macs.txt' to '/pine/scr/m/j/mjn15/wt-FAIRE-dm6/faire-pipeline/multiqc_data'
[2022-12-14 11:58:00,213] multiqc                                            [DEBUG  ]  Moving data file from '/tmp/tmpAGSZZr/multiqc_data/multiqc_picard_dups.txt' to '/pine/scr/m/j/mjn15/wt-FAIRE-dm6/faire-pipeline/multiqc_data'
[2022-12-14 11:58:00,215] multiqc                                            [DEBUG  ]  Moving data file from '/tmp/tmpAGSZZr/multiqc_data/multiqc_samtools_flagstat.txt' to '/pine/scr/m/j/mjn15/wt-FAIRE-dm6/faire-pipeline/multiqc_data'
[2022-12-14 11:58:00,216] multiqc                                            [DEBUG  ]  Moving data file from '/tmp/tmpAGSZZr/multiqc_data/multiqc_bowtie2.txt' to '/pine/scr/m/j/mjn15/wt-FAIRE-dm6/faire-pipeline/multiqc_data'
[2022-12-14 11:58:00,217] multiqc                                            [DEBUG  ]  Moving data file from '/tmp/tmpAGSZZr/multiqc_data/multiqc_general_stats.txt' to '/pine/scr/m/j/mjn15/wt-FAIRE-dm6/faire-pipeline/multiqc_data'
[2022-12-14 11:58:00,218] multiqc                                            [DEBUG  ]  Moving data file from '/tmp/tmpAGSZZr/multiqc_data/multiqc_sources.txt' to '/pine/scr/m/j/mjn15/wt-FAIRE-dm6/faire-pipeline/multiqc_data'
[2022-12-14 11:58:00,219] multiqc                                            [DEBUG  ]  Moving data file from '/tmp/tmpAGSZZr/multiqc_data/multiqc_data.json' to '/pine/scr/m/j/mjn15/wt-FAIRE-dm6/faire-pipeline/multiqc_data'
[2022-12-14 11:58:00,560] multiqc                                            [INFO   ]  MultiQC complete
