Building DAG of jobs...
Using shell: /usr/bin/bash
Provided cores: 8
Rules claiming more threads will be scaled down.
Job counts:
	count	jobs
	1	trim_adapter
	1

[Tue Mar  8 15:39:37 2022]
rule trim_adapter:
    input: Fastq/nub_30h_domRNAi_FAIRE-Rep1_R1.fastq.gz
    output: Fastq/nub_30h_domRNAi_FAIRE-Rep1_R1_trim.fastq.gz
    log: Logs/nub_30h_domRNAi_FAIRE-Rep1_R1_adapterStats, Logs/nub_30h_domRNAi_FAIRE-Rep1_R1_trimStats
    jobid: 0
    wildcards: sample=nub_30h_domRNAi_FAIRE-Rep1, num=1

[Tue Mar  8 15:39:37 2022]
Error in rule trim_adapter:
    jobid: 0
    output: Fastq/nub_30h_domRNAi_FAIRE-Rep1_R1_trim.fastq.gz
    log: Logs/nub_30h_domRNAi_FAIRE-Rep1_R1_adapterStats, Logs/nub_30h_domRNAi_FAIRE-Rep1_R1_trimStats (check log file(s) for error message)

RuleException:
IndexError in line 138 of /pine/scr/m/j/mjn15/faire-pipeline/faire-pipeline/Snakefile:
list index out of range
  File "/nas/longleaf/apps/python/3.8.8/lib/python3.8/site-packages/snakemake/executors/__init__.py", line 2326, in run_wrapper
  File "/pine/scr/m/j/mjn15/faire-pipeline/faire-pipeline/Snakefile", line 138, in __rule_trim_adapter
  File "/nas/longleaf/apps/python/3.8.8/lib/python3.8/string.py", line 163, in format
  File "/nas/longleaf/apps/python/3.8.8/lib/python3.8/string.py", line 167, in vformat
  File "/nas/longleaf/apps/python/3.8.8/lib/python3.8/string.py", line 207, in _vformat
  File "/nas/longleaf/apps/python/3.8.8/lib/python3.8/string.py", line 280, in get_field
  File "/nas/longleaf/apps/python/3.8.8/lib/python3.8/site-packages/snakemake/executors/__init__.py", line 568, in _callback
  File "/nas/longleaf/apps/python/3.8.8/lib/python3.8/concurrent/futures/thread.py", line 57, in run
  File "/nas/longleaf/apps/python/3.8.8/lib/python3.8/site-packages/snakemake/executors/__init__.py", line 554, in cached_or_run
  File "/nas/longleaf/apps/python/3.8.8/lib/python3.8/site-packages/snakemake/executors/__init__.py", line 2357, in run_wrapper
Shutting down, this might take some time.
Exiting because a job execution failed. Look above for error message
