Building DAG of jobs...
Using shell: /usr/bin/bash
Provided cores: 8
Rules claiming more threads will be scaled down.
Job counts:
	count	jobs
	1	trim_adapter
	1

[Tue Mar  8 15:50:26 2022]
rule trim_adapter:
    input: Fastq/nub_30h_domRNAi_FAIRE-Rep1_R1.fastq.gz
    output: Fastq/nub_30h_domRNAi_FAIRE-Rep1_R1_trim.fastq.gz
    log: Logs/nub_30h_domRNAi_FAIRE-Rep1_R1_adapterStats, Logs/nub_30h_domRNAi_FAIRE-Rep1_R1_trimStats
    jobid: 0
    wildcards: sample=nub_30h_domRNAi_FAIRE-Rep1, num=1

Activating environment modules: bbmap/38.71
java -ea -Xmx3235m -Xms3235m -cp /nas/longleaf/apps/bbmap/38.71/bbmap/current/ jgi.BBDuk in=Fastq/nub_30h_domRNAi_FAIRE-Rep1_R1.fastq.gz out=Fastq/nub_30h_domRNAi_FAIRE-Rep1_R1_trim.fastq.gz ktrim=r ref=adapters rcomp=t tpe=t tbo=t hdist=1 mink=11 stats=Logs/nub_30h_domRNAi_FAIRE-Rep1_R1_adapterStats
Executing jgi.BBDuk [in=Fastq/nub_30h_domRNAi_FAIRE-Rep1_R1.fastq.gz, out=Fastq/nub_30h_domRNAi_FAIRE-Rep1_R1_trim.fastq.gz, ktrim=r, ref=adapters, rcomp=t, tpe=t, tbo=t, hdist=1, mink=11, stats=Logs/nub_30h_domRNAi_FAIRE-Rep1_R1_adapterStats]
Version 38.71

maskMiddle was disabled because useShortKmers=true
0.035 seconds.
Initial:
Memory: max=3252m, total=3252m, free=3184m, used=68m

Added 288411 kmers; time: 	0.254 seconds.
Memory: max=3252m, total=3252m, free=3065m, used=187m

Input is being processed as unpaired
Started output streams:	0.091 seconds.
Processing time:   		221.974 seconds.

Input:                  	10480571 reads 		796523396 bases.
KTrimmed:               	1314937 reads (12.55%) 	27620809 bases (3.47%)
Trimmed by overlap:     	0 reads (0.00%) 	0 bases (0.00%)
Total Removed:          	228 reads (0.00%) 	27620809 bases (3.47%)
Result:                 	10480343 reads (100.00%) 	768902587 bases (96.53%)

Time:                         	222.353 seconds.
Reads Processed:      10480k 	47.13k reads/sec
Bases Processed:        796m 	3.58m bases/sec
[Tue Mar  8 15:54:11 2022]
Finished job 0.
1 of 1 steps (100%) done
