Building DAG of jobs...
Using shell: /usr/bin/bash
Provided cores: 8
Rules claiming more threads will be scaled down.
Job counts:
	count	jobs
	1	trim_adapter
	1

[Tue Mar  8 15:50:26 2022]
rule trim_adapter:
    input: Fastq/nub_30h_gfpRNAi_FAIRE-Rep2_R2.fastq.gz
    output: Fastq/nub_30h_gfpRNAi_FAIRE-Rep2_R2_trim.fastq.gz
    log: Logs/nub_30h_gfpRNAi_FAIRE-Rep2_R2_adapterStats, Logs/nub_30h_gfpRNAi_FAIRE-Rep2_R2_trimStats
    jobid: 0
    wildcards: sample=nub_30h_gfpRNAi_FAIRE-Rep2, num=2

Activating environment modules: bbmap/38.71
java -ea -Xmx3235m -Xms3235m -cp /nas/longleaf/apps/bbmap/38.71/bbmap/current/ jgi.BBDuk in=Fastq/nub_30h_gfpRNAi_FAIRE-Rep2_R2.fastq.gz out=Fastq/nub_30h_gfpRNAi_FAIRE-Rep2_R2_trim.fastq.gz ktrim=r ref=adapters rcomp=t tpe=t tbo=t hdist=1 mink=11 stats=Logs/nub_30h_gfpRNAi_FAIRE-Rep2_R2_adapterStats
Executing jgi.BBDuk [in=Fastq/nub_30h_gfpRNAi_FAIRE-Rep2_R2.fastq.gz, out=Fastq/nub_30h_gfpRNAi_FAIRE-Rep2_R2_trim.fastq.gz, ktrim=r, ref=adapters, rcomp=t, tpe=t, tbo=t, hdist=1, mink=11, stats=Logs/nub_30h_gfpRNAi_FAIRE-Rep2_R2_adapterStats]
Version 38.71

maskMiddle was disabled because useShortKmers=true
0.031 seconds.
Initial:
Memory: max=3252m, total=3252m, free=3184m, used=68m

Added 288411 kmers; time: 	0.191 seconds.
Memory: max=3252m, total=3252m, free=3065m, used=187m

Input is being processed as unpaired
Started output streams:	0.194 seconds.
Processing time:   		282.757 seconds.

Input:                  	14961446 reads 		1137069896 bases.
KTrimmed:               	1497745 reads (10.01%) 	30792449 bases (2.71%)
Trimmed by overlap:     	0 reads (0.00%) 	0 bases (0.00%)
Total Removed:          	119 reads (0.00%) 	30792449 bases (2.71%)
Result:                 	14961327 reads (100.00%) 	1106277447 bases (97.29%)

Time:                         	283.181 seconds.
Reads Processed:      14961k 	52.83k reads/sec
Bases Processed:       1137m 	4.02m bases/sec
[Tue Mar  8 15:55:11 2022]
Finished job 0.
1 of 1 steps (100%) done
