Building DAG of jobs...
Using shell: /usr/bin/bash
Provided cores: 8
Rules claiming more threads will be scaled down.
Job counts:
	count	jobs
	1	trim_adapter
	1

[Tue Mar  8 15:50:26 2022]
rule trim_adapter:
    input: Fastq/nub_30h_domRNAi_FAIRE-Rep1_R2.fastq.gz
    output: Fastq/nub_30h_domRNAi_FAIRE-Rep1_R2_trim.fastq.gz
    log: Logs/nub_30h_domRNAi_FAIRE-Rep1_R2_adapterStats, Logs/nub_30h_domRNAi_FAIRE-Rep1_R2_trimStats
    jobid: 0
    wildcards: sample=nub_30h_domRNAi_FAIRE-Rep1, num=2

Activating environment modules: bbmap/38.71
java -ea -Xmx3235m -Xms3235m -cp /nas/longleaf/apps/bbmap/38.71/bbmap/current/ jgi.BBDuk in=Fastq/nub_30h_domRNAi_FAIRE-Rep1_R2.fastq.gz out=Fastq/nub_30h_domRNAi_FAIRE-Rep1_R2_trim.fastq.gz ktrim=r ref=adapters rcomp=t tpe=t tbo=t hdist=1 mink=11 stats=Logs/nub_30h_domRNAi_FAIRE-Rep1_R2_adapterStats
Executing jgi.BBDuk [in=Fastq/nub_30h_domRNAi_FAIRE-Rep1_R2.fastq.gz, out=Fastq/nub_30h_domRNAi_FAIRE-Rep1_R2_trim.fastq.gz, ktrim=r, ref=adapters, rcomp=t, tpe=t, tbo=t, hdist=1, mink=11, stats=Logs/nub_30h_domRNAi_FAIRE-Rep1_R2_adapterStats]
Version 38.71

maskMiddle was disabled because useShortKmers=true
0.032 seconds.
Initial:
Memory: max=3252m, total=3252m, free=3184m, used=68m

Added 288411 kmers; time: 	0.158 seconds.
Memory: max=3252m, total=3252m, free=3065m, used=187m

Input is being processed as unpaired
Started output streams:	0.180 seconds.
Processing time:   		219.776 seconds.

Input:                  	10480571 reads 		796523396 bases.
KTrimmed:               	1233595 reads (11.77%) 	25731150 bases (3.23%)
Trimmed by overlap:     	0 reads (0.00%) 	0 bases (0.00%)
Total Removed:          	190 reads (0.00%) 	25731150 bases (3.23%)
Result:                 	10480381 reads (100.00%) 	770792246 bases (96.77%)

Time:                         	220.155 seconds.
Reads Processed:      10480k 	47.61k reads/sec
Bases Processed:        796m 	3.62m bases/sec
[Tue Mar  8 15:54:08 2022]
Finished job 0.
1 of 1 steps (100%) done
