Building DAG of jobs...
Using shell: /usr/bin/bash
Provided cores: 8
Rules claiming more threads will be scaled down.
Job counts:
	count	jobs
	1	trim_adapter
	1

[Tue Mar  8 15:50:26 2022]
rule trim_adapter:
    input: Fastq/nub_30h_gfpRNAi_FAIRE-Rep1_R2.fastq.gz
    output: Fastq/nub_30h_gfpRNAi_FAIRE-Rep1_R2_trim.fastq.gz
    log: Logs/nub_30h_gfpRNAi_FAIRE-Rep1_R2_adapterStats, Logs/nub_30h_gfpRNAi_FAIRE-Rep1_R2_trimStats
    jobid: 0
    wildcards: sample=nub_30h_gfpRNAi_FAIRE-Rep1, num=2

Activating environment modules: bbmap/38.71
java -ea -Xmx3235m -Xms3235m -cp /nas/longleaf/apps/bbmap/38.71/bbmap/current/ jgi.BBDuk in=Fastq/nub_30h_gfpRNAi_FAIRE-Rep1_R2.fastq.gz out=Fastq/nub_30h_gfpRNAi_FAIRE-Rep1_R2_trim.fastq.gz ktrim=r ref=adapters rcomp=t tpe=t tbo=t hdist=1 mink=11 stats=Logs/nub_30h_gfpRNAi_FAIRE-Rep1_R2_adapterStats
Executing jgi.BBDuk [in=Fastq/nub_30h_gfpRNAi_FAIRE-Rep1_R2.fastq.gz, out=Fastq/nub_30h_gfpRNAi_FAIRE-Rep1_R2_trim.fastq.gz, ktrim=r, ref=adapters, rcomp=t, tpe=t, tbo=t, hdist=1, mink=11, stats=Logs/nub_30h_gfpRNAi_FAIRE-Rep1_R2_adapterStats]
Version 38.71

maskMiddle was disabled because useShortKmers=true
0.030 seconds.
Initial:
Memory: max=3252m, total=3252m, free=3184m, used=68m

Added 288411 kmers; time: 	0.166 seconds.
Memory: max=3252m, total=3252m, free=3065m, used=187m

Input is being processed as unpaired
Started output streams:	0.126 seconds.
Processing time:   		208.201 seconds.

Input:                  	12892117 reads 		979800892 bases.
KTrimmed:               	1239982 reads (9.62%) 	25497146 bases (2.60%)
Trimmed by overlap:     	0 reads (0.00%) 	0 bases (0.00%)
Total Removed:          	259 reads (0.00%) 	25497146 bases (2.60%)
Result:                 	12891858 reads (100.00%) 	954303746 bases (97.40%)

Time:                         	208.520 seconds.
Reads Processed:      12892k 	61.83k reads/sec
Bases Processed:        979m 	4.70m bases/sec
[Tue Mar  8 15:53:57 2022]
Finished job 0.
1 of 1 steps (100%) done
