Building DAG of jobs...
Using shell: /usr/bin/bash
Provided cores: 8
Rules claiming more threads will be scaled down.
Job counts:
	count	jobs
	1	trim_adapter
	1

[Tue Mar  8 15:50:26 2022]
rule trim_adapter:
    input: Fastq/nub_30h_gfpRNAi_FAIRE-Rep1_R1.fastq.gz
    output: Fastq/nub_30h_gfpRNAi_FAIRE-Rep1_R1_trim.fastq.gz
    log: Logs/nub_30h_gfpRNAi_FAIRE-Rep1_R1_adapterStats, Logs/nub_30h_gfpRNAi_FAIRE-Rep1_R1_trimStats
    jobid: 0
    wildcards: sample=nub_30h_gfpRNAi_FAIRE-Rep1, num=1

Activating environment modules: bbmap/38.71
java -ea -Xmx3235m -Xms3235m -cp /nas/longleaf/apps/bbmap/38.71/bbmap/current/ jgi.BBDuk in=Fastq/nub_30h_gfpRNAi_FAIRE-Rep1_R1.fastq.gz out=Fastq/nub_30h_gfpRNAi_FAIRE-Rep1_R1_trim.fastq.gz ktrim=r ref=adapters rcomp=t tpe=t tbo=t hdist=1 mink=11 stats=Logs/nub_30h_gfpRNAi_FAIRE-Rep1_R1_adapterStats
Executing jgi.BBDuk [in=Fastq/nub_30h_gfpRNAi_FAIRE-Rep1_R1.fastq.gz, out=Fastq/nub_30h_gfpRNAi_FAIRE-Rep1_R1_trim.fastq.gz, ktrim=r, ref=adapters, rcomp=t, tpe=t, tbo=t, hdist=1, mink=11, stats=Logs/nub_30h_gfpRNAi_FAIRE-Rep1_R1_adapterStats]
Version 38.71

maskMiddle was disabled because useShortKmers=true
0.043 seconds.
Initial:
Memory: max=3252m, total=3252m, free=3184m, used=68m

Added 288411 kmers; time: 	0.191 seconds.
Memory: max=3252m, total=3252m, free=3099m, used=153m

Input is being processed as unpaired
Started output streams:	0.090 seconds.
Processing time:   		224.577 seconds.

Input:                  	12892117 reads 		979800892 bases.
KTrimmed:               	1352146 reads (10.49%) 	28359187 bases (2.89%)
Trimmed by overlap:     	0 reads (0.00%) 	0 bases (0.00%)
Total Removed:          	311 reads (0.00%) 	28359187 bases (2.89%)
Result:                 	12891806 reads (100.00%) 	951441705 bases (97.11%)

Time:                         	224.895 seconds.
Reads Processed:      12892k 	57.33k reads/sec
Bases Processed:        979m 	4.36m bases/sec
[Tue Mar  8 15:54:13 2022]
Finished job 0.
1 of 1 steps (100%) done
