Building DAG of jobs...
Using shell: /usr/bin/bash
Provided cores: 8
Rules claiming more threads will be scaled down.
Job counts:
	count	jobs
	1	trim_adapter
	1

[Tue Mar  8 15:50:26 2022]
rule trim_adapter:
    input: Fastq/nub_30h_domRNAi_FAIRE-Rep2_R2.fastq.gz
    output: Fastq/nub_30h_domRNAi_FAIRE-Rep2_R2_trim.fastq.gz
    log: Logs/nub_30h_domRNAi_FAIRE-Rep2_R2_adapterStats, Logs/nub_30h_domRNAi_FAIRE-Rep2_R2_trimStats
    jobid: 0
    wildcards: sample=nub_30h_domRNAi_FAIRE-Rep2, num=2

Activating environment modules: bbmap/38.71
java -ea -Xmx3235m -Xms3235m -cp /nas/longleaf/apps/bbmap/38.71/bbmap/current/ jgi.BBDuk in=Fastq/nub_30h_domRNAi_FAIRE-Rep2_R2.fastq.gz out=Fastq/nub_30h_domRNAi_FAIRE-Rep2_R2_trim.fastq.gz ktrim=r ref=adapters rcomp=t tpe=t tbo=t hdist=1 mink=11 stats=Logs/nub_30h_domRNAi_FAIRE-Rep2_R2_adapterStats
Executing jgi.BBDuk [in=Fastq/nub_30h_domRNAi_FAIRE-Rep2_R2.fastq.gz, out=Fastq/nub_30h_domRNAi_FAIRE-Rep2_R2_trim.fastq.gz, ktrim=r, ref=adapters, rcomp=t, tpe=t, tbo=t, hdist=1, mink=11, stats=Logs/nub_30h_domRNAi_FAIRE-Rep2_R2_adapterStats]
Version 38.71

maskMiddle was disabled because useShortKmers=true
0.034 seconds.
Initial:
Memory: max=3252m, total=3252m, free=3184m, used=68m

Added 288411 kmers; time: 	0.162 seconds.
Memory: max=3252m, total=3252m, free=3082m, used=170m

Input is being processed as unpaired
Started output streams:	0.114 seconds.
Processing time:   		237.713 seconds.

Input:                  	13591533 reads 		1032956508 bases.
KTrimmed:               	1225922 reads (9.02%) 	24819205 bases (2.40%)
Trimmed by overlap:     	0 reads (0.00%) 	0 bases (0.00%)
Total Removed:          	167 reads (0.00%) 	24819205 bases (2.40%)
Result:                 	13591366 reads (100.00%) 	1008137303 bases (97.60%)

Time:                         	238.008 seconds.
Reads Processed:      13591k 	57.11k reads/sec
Bases Processed:       1032m 	4.34m bases/sec
[Tue Mar  8 15:54:26 2022]
Finished job 0.
1 of 1 steps (100%) done
